<?xml version="1.0" encoding="UTF-8"?>
<!-- Generated by org.testng.reporters.JUnitXMLReporter -->
<testsuite hostname="DESKTOP-LPKJ4V1" ignored="0" name="Test" tests="5" failures="0" timestamp="20 Sep 2023 15:38:36 GMT" time="0.049" errors="0">
  <testcase name="@BeforeTest setDriver" time="0.0" classname="sfdcTests.CommonTest">
    <failure type="org.testng.TestNGException" message="
Can inject only one of &amp;lt;ITestContext, XmlTest&amp;gt; into a @BeforeTest annotated setDriver.
For more information on native dependency injection please refer to http://testng.org/doc/documentation-main.html#native-dependency-injection">
      <![CDATA[org.testng.TestNGException: 
Can inject only one of <ITestContext, XmlTest> into a @BeforeTest annotated setDriver.
For more information on native dependency injection please refer to http://testng.org/doc/documentation-main.html#native-dependency-injection
... Removed 21 stack frames]]>
    </failure>
  </testcase> <!-- @BeforeTest setDriver -->
  <testcase name="@AfterMethod teardown" time="0.0" classname="sfdcTests.CommonTest">
    <skipped/>
  </testcase> <!-- @AfterMethod teardown -->
  <testcase name="@AfterMethod teardown" time="0.0" classname="sfdcTests.CommonTest">
    <skipped/>
  </testcase> <!-- @AfterMethod teardown -->
  <testcase name="@AfterMethod teardown" time="0.0" classname="sfdcTests.CommonTest">
    <skipped/>
  </testcase> <!-- @AfterMethod teardown -->
  <testcase name="@AfterMethod teardown" time="0.0" classname="sfdcTests.CommonTest">
    <skipped/>
  </testcase> <!-- @AfterMethod teardown -->
  <testcase name="@AfterMethod teardown" time="0.0" classname="sfdcTests.CommonTest">
    <skipped/>
  </testcase> <!-- @AfterMethod teardown -->
  <testcase name="@AfterTest remove" time="0.0" classname="sfdcTests.CommonTest">
    <skipped/>
  </testcase> <!-- @AfterTest remove -->
  <testcase name="LoginFail" time="0.0" classname="sfdcTests.LoginTest">
    <skipped/>
  </testcase> <!-- LoginFail -->
  <testcase name="LoginSuccess" time="0.0" classname="sfdcTests.LoginTest">
    <skipped/>
  </testcase> <!-- LoginSuccess -->
  <testcase name="VerifyInvalidCredentials" time="0.0" classname="sfdcTests.LoginTest">
    <skipped/>
  </testcase> <!-- VerifyInvalidCredentials -->
  <testcase name="forgotpasswordTest4A" time="0.0" classname="sfdcTests.LoginTest">
    <skipped/>
  </testcase> <!-- forgotpasswordTest4A -->
  <testcase name="rememberMeTest3" time="0.0" classname="sfdcTests.LoginTest">
    <skipped/>
  </testcase> <!-- rememberMeTest3 -->
</testsuite> <!-- Test -->
