# JRE version: Java(TM) SE Runtime Environment (8.0_211-b12) (build 1.8.0_211-b12)
# Java VM: Java HotSpot(TM) 64-Bit Server VM (25.211-b12 mixed mode windows-amd64 compressed oops)
Heap:
 PSYoungGen      total 75776K, used 60038K [0x000000076b780000, 0x0000000770c00000, 0x00000007c0000000)
  eden space 65024K, 92% used [0x000000076b780000,0x000000076f221ae8,0x000000076f700000)
  from space 10752K, 0% used [0x0000000770180000,0x0000000770180000,0x0000000770c00000)
  to   space 10752K, 0% used [0x000000076f700000,0x000000076f700000,0x0000000770180000)
 ParOldGen       total 74240K, used 8903K [0x00000006c2600000, 0x00000006c6e80000, 0x000000076b780000)
  object space 74240K, 11% used [0x00000006c2600000,0x00000006c2eb1f38,0x00000006c6e80000)
 Metaspace       used 29469K, capacity 30450K, committed 30768K, reserved 1075200K
  class space    used 3852K, capacity 4069K, committed 4144K, reserved 1048576K
GC Heap History (6 events):
Event: 1.862 GC heap before
{Heap before GC invocations=1 (full 0):
 PSYoungGen      total 75776K, used 65024K [0x000000076b780000, 0x0000000770c00000, 0x00000007c0000000)
  eden space 65024K, 100% used [0x000000076b780000,0x000000076f700000,0x000000076f700000)
  from space 10752K, 0% used [0x0000000770180000,0x0000000770180000,0x0000000770c00000)
  to   space 10752K, 0% used [0x000000076f700000,0x000000076f700000,0x0000000770180000)
 ParOldGen       total 173568K, used 0K [0x00000006c2600000, 0x00000006ccf80000, 0x000000076b780000)
  object space 173568K, 0% used [0x00000006c2600000,0x00000006c2600000,0x00000006ccf80000)
 Metaspace       used 12671K, capacity 12872K, committed 13184K, reserved 1060864K
  class space    used 1542K, capacity 1628K, committed 1664K, reserved 1048576K
Event: 1.869 GC heap after
Heap after GC invocations=1 (full 0):
 PSYoungGen      total 75776K, used 7190K [0x000000076b780000, 0x0000000770c00000, 0x00000007c0000000)
  eden space 65024K, 0% used [0x000000076b780000,0x000000076b780000,0x000000076f700000)
  from space 10752K, 66% used [0x000000076f700000,0x000000076fe05a60,0x0000000770180000)
  to   space 10752K, 0% used [0x0000000770180000,0x0000000770180000,0x0000000770c00000)
 ParOldGen       total 173568K, used 80K [0x00000006c2600000, 0x00000006ccf80000, 0x000000076b780000)
  object space 173568K, 0% used [0x00000006c2600000,0x00000006c2614010,0x00000006ccf80000)
 Metaspace       used 12671K, capacity 12872K, committed 13184K, reserved 1060864K
  class space    used 1542K, capacity 1628K, committed 1664K, reserved 1048576K
}
Event: 4.618 GC heap before
{Heap before GC invocations=2 (full 0):
 PSYoungGen      total 75776K, used 68772K [0x000000076b780000, 0x0000000770c00000, 0x00000007c0000000)
  eden space 65024K, 94% used [0x000000076b780000,0x000000076f3a3948,0x000000076f700000)
  from space 10752K, 66% used [0x000000076f700000,0x000000076fe05a60,0x0000000770180000)
  to   space 10752K, 0% used [0x0000000770180000,0x0000000770180000,0x0000000770c00000)
 ParOldGen       total 173568K, used 80K [0x00000006c2600000, 0x00000006ccf80000, 0x000000076b780000)
  object space 173568K, 0% used [0x00000006c2600000,0x00000006c2614010,0x00000006ccf80000)
 Metaspace       used 20830K, capacity 21234K, committed 21296K, reserved 1067008K
  class space    used 2700K, capacity 2837K, committed 2864K, reserved 1048576K
Event: 4.627 GC heap after
Heap after GC invocations=2 (full 0):
 PSYoungGen      total 75776K, used 9338K [0x000000076b780000, 0x0000000770c00000, 0x00000007c0000000)
  eden space 65024K, 0% used [0x000000076b780000,0x000000076b780000,0x000000076f700000)
  from space 10752K, 86% used [0x0000000770180000,0x0000000770a9e8f8,0x0000000770c00000)
  to   space 10752K, 0% used [0x000000076f700000,0x000000076f700000,0x0000000770180000)
 ParOldGen       total 173568K, used 88K [0x00000006c2600000, 0x00000006ccf80000, 0x000000076b780000)
  object space 173568K, 0% used [0x00000006c2600000,0x00000006c2616010,0x00000006ccf80000)
 Metaspace       used 20830K, capacity 21234K, committed 21296K, reserved 1067008K
  class space    used 2700K, capacity 2837K, committed 2864K, reserved 1048576K
}
Event: 4.627 GC heap before
{Heap before GC invocations=3 (full 1):
 PSYoungGen      total 75776K, used 9338K [0x000000076b780000, 0x0000000770c00000, 0x00000007c0000000)
  eden space 65024K, 0% used [0x000000076b780000,0x000000076b780000,0x000000076f700000)
  from space 10752K, 86% used [0x0000000770180000,0x0000000770a9e8f8,0x0000000770c00000)
  to   space 10752K, 0% used [0x000000076f700000,0x000000076f700000,0x0000000770180000)
 ParOldGen       total 173568K, used 88K [0x00000006c2600000, 0x00000006ccf80000, 0x000000076b780000)
  object space 173568K, 0% used [0x00000006c2600000,0x00000006c2616010,0x00000006ccf80000)
 Metaspace       used 20830K, capacity 21234K, committed 21296K, reserved 1067008K
  class space    used 2700K, capacity 2837K, committed 2864K, reserved 1048576K
Event: 4.657 GC heap after
Heap after GC invocations=3 (full 1):
 PSYoungGen      total 75776K, used 0K [0x000000076b780000, 0x0000000770c00000, 0x00000007c0000000)
  eden space 65024K, 0% used [0x000000076b780000,0x000000076b780000,0x000000076f700000)
  from space 10752K, 0% used [0x0000000770180000,0x0000000770180000,0x0000000770c00000)
  to   space 10752K, 0% used [0x000000076f700000,0x000000076f700000,0x0000000770180000)
 ParOldGen       total 74240K, used 8903K [0x00000006c2600000, 0x00000006c6e80000, 0x000000076b780000)
  object space 74240K, 11% used [0x00000006c2600000,0x00000006c2eb1f38,0x00000006c6e80000)
 Metaspace       used 20830K, capacity 21234K, committed 21296K, reserved 1067008K
  class space    used 2700K, capacity 2837K, committed 2864K, reserved 1048576K
}

