# JRE version: Java(TM) SE Runtime Environment (8.0_211-b12) (build 1.8.0_211-b12)
# Java VM: Java HotSpot(TM) 64-Bit Server VM (25.211-b12 mixed mode windows-amd64 compressed oops)
Heap:
 PSYoungGen      total 75776K, used 17257K [0x000000076b780000, 0x0000000770c00000, 0x00000007c0000000)
  eden space 65024K, 10% used [0x000000076b780000,0x000000076bddaf70,0x000000076f700000)
  from space 10752K, 99% used [0x000000076f700000,0x000000077017f808,0x0000000770180000)
  to   space 10752K, 0% used [0x0000000770180000,0x0000000770180000,0x0000000770c00000)
 ParOldGen       total 114176K, used 11778K [0x00000006c2600000, 0x00000006c9580000, 0x000000076b780000)
  object space 114176K, 10% used [0x00000006c2600000,0x00000006c3180990,0x00000006c9580000)
 Metaspace       used 30470K, capacity 31582K, committed 31664K, reserved 1077248K
  class space    used 3994K, capacity 4243K, committed 4272K, reserved 1048576K
GC Heap History (8 events):
Event: 1.541 GC heap before
{Heap before GC invocations=1 (full 0):
 PSYoungGen      total 75776K, used 65024K [0x000000076b780000, 0x0000000770c00000, 0x00000007c0000000)
  eden space 65024K, 100% used [0x000000076b780000,0x000000076f700000,0x000000076f700000)
  from space 10752K, 0% used [0x0000000770180000,0x0000000770180000,0x0000000770c00000)
  to   space 10752K, 0% used [0x000000076f700000,0x000000076f700000,0x0000000770180000)
 ParOldGen       total 173568K, used 0K [0x00000006c2600000, 0x00000006ccf80000, 0x000000076b780000)
  object space 173568K, 0% used [0x00000006c2600000,0x00000006c2600000,0x00000006ccf80000)
 Metaspace       used 12684K, capacity 12872K, committed 13184K, reserved 1060864K
  class space    used 1542K, capacity 1628K, committed 1664K, reserved 1048576K
Event: 1.549 GC heap after
Heap after GC invocations=1 (full 0):
 PSYoungGen      total 75776K, used 7164K [0x000000076b780000, 0x0000000770c00000, 0x00000007c0000000)
  eden space 65024K, 0% used [0x000000076b780000,0x000000076b780000,0x000000076f700000)
  from space 10752K, 66% used [0x000000076f700000,0x000000076fdff1c0,0x0000000770180000)
  to   space 10752K, 0% used [0x0000000770180000,0x0000000770180000,0x0000000770c00000)
 ParOldGen       total 173568K, used 80K [0x00000006c2600000, 0x00000006ccf80000, 0x000000076b780000)
  object space 173568K, 0% used [0x00000006c2600000,0x00000006c2614010,0x00000006ccf80000)
 Metaspace       used 12684K, capacity 12872K, committed 13184K, reserved 1060864K
  class space    used 1542K, capacity 1628K, committed 1664K, reserved 1048576K
}
Event: 3.966 GC heap before
{Heap before GC invocations=2 (full 0):
 PSYoungGen      total 75776K, used 68284K [0x000000076b780000, 0x0000000770c00000, 0x00000007c0000000)
  eden space 65024K, 93% used [0x000000076b780000,0x000000076f32fed8,0x000000076f700000)
  from space 10752K, 66% used [0x000000076f700000,0x000000076fdff1c0,0x0000000770180000)
  to   space 10752K, 0% used [0x0000000770180000,0x0000000770180000,0x0000000770c00000)
 ParOldGen       total 173568K, used 80K [0x00000006c2600000, 0x00000006ccf80000, 0x000000076b780000)
  object space 173568K, 0% used [0x00000006c2600000,0x00000006c2614010,0x00000006ccf80000)
 Metaspace       used 20834K, capacity 21234K, committed 21296K, reserved 1067008K
  class space    used 2700K, capacity 2837K, committed 2864K, reserved 1048576K
Event: 3.975 GC heap after
Heap after GC invocations=2 (full 0):
 PSYoungGen      total 75776K, used 9338K [0x000000076b780000, 0x0000000770c00000, 0x00000007c0000000)
  eden space 65024K, 0% used [0x000000076b780000,0x000000076b780000,0x000000076f700000)
  from space 10752K, 86% used [0x0000000770180000,0x0000000770a9e8c0,0x0000000770c00000)
  to   space 10752K, 0% used [0x000000076f700000,0x000000076f700000,0x0000000770180000)
 ParOldGen       total 173568K, used 88K [0x00000006c2600000, 0x00000006ccf80000, 0x000000076b780000)
  object space 173568K, 0% used [0x00000006c2600000,0x00000006c2616010,0x00000006ccf80000)
 Metaspace       used 20834K, capacity 21234K, committed 21296K, reserved 1067008K
  class space    used 2700K, capacity 2837K, committed 2864K, reserved 1048576K
}
Event: 3.975 GC heap before
{Heap before GC invocations=3 (full 1):
 PSYoungGen      total 75776K, used 9338K [0x000000076b780000, 0x0000000770c00000, 0x00000007c0000000)
  eden space 65024K, 0% used [0x000000076b780000,0x000000076b780000,0x000000076f700000)
  from space 10752K, 86% used [0x0000000770180000,0x0000000770a9e8c0,0x0000000770c00000)
  to   space 10752K, 0% used [0x000000076f700000,0x000000076f700000,0x0000000770180000)
 ParOldGen       total 173568K, used 88K [0x00000006c2600000, 0x00000006ccf80000, 0x000000076b780000)
  object space 173568K, 0% used [0x00000006c2600000,0x00000006c2616010,0x00000006ccf80000)
 Metaspace       used 20834K, capacity 21234K, committed 21296K, reserved 1067008K
  class space    used 2700K, capacity 2837K, committed 2864K, reserved 1048576K
Event: 4.003 GC heap after
Heap after GC invocations=3 (full 1):
 PSYoungGen      total 75776K, used 0K [0x000000076b780000, 0x0000000770c00000, 0x00000007c0000000)
  eden space 65024K, 0% used [0x000000076b780000,0x000000076b780000,0x000000076f700000)
  from space 10752K, 0% used [0x0000000770180000,0x0000000770180000,0x0000000770c00000)
  to   space 10752K, 0% used [0x000000076f700000,0x000000076f700000,0x0000000770180000)
 ParOldGen       total 114176K, used 8921K [0x00000006c2600000, 0x00000006c9580000, 0x000000076b780000)
  object space 114176K, 7% used [0x00000006c2600000,0x00000006c2eb6568,0x00000006c9580000)
 Metaspace       used 20834K, capacity 21234K, committed 21296K, reserved 1067008K
  class space    used 2700K, capacity 2837K, committed 2864K, reserved 1048576K
}
Event: 25.577 GC heap before
{Heap before GC invocations=4 (full 1):
 PSYoungGen      total 75776K, used 65024K [0x000000076b780000, 0x0000000770c00000, 0x00000007c0000000)
  eden space 65024K, 100% used [0x000000076b780000,0x000000076f700000,0x000000076f700000)
  from space 10752K, 0% used [0x0000000770180000,0x0000000770180000,0x0000000770c00000)
  to   space 10752K, 0% used [0x000000076f700000,0x000000076f700000,0x0000000770180000)
 ParOldGen       total 114176K, used 8921K [0x00000006c2600000, 0x00000006c9580000, 0x000000076b780000)
  object space 114176K, 7% used [0x00000006c2600000,0x00000006c2eb6568,0x00000006c9580000)
 Metaspace       used 29908K, capacity 30898K, committed 31152K, reserved 1077248K
  class space    used 3915K, capacity 4149K, committed 4272K, reserved 1048576K
Event: 25.589 GC heap after
Heap after GC invocations=4 (full 1):
 PSYoungGen      total 75776K, used 10750K [0x000000076b780000, 0x0000000770c00000, 0x00000007c0000000)
  eden space 65024K, 0% used [0x000000076b780000,0x000000076b780000,0x000000076f700000)
  from space 10752K, 99% used [0x000000076f700000,0x000000077017f808,0x0000000770180000)
  to   space 10752K, 0% used [0x0000000770180000,0x0000000770180000,0x0000000770c00000)
 ParOldGen       total 114176K, used 11778K [0x00000006c2600000, 0x00000006c9580000, 0x000000076b780000)
  object space 114176K, 10% used [0x00000006c2600000,0x00000006c3180990,0x00000006c9580000)
 Metaspace       used 29908K, capacity 30898K, committed 31152K, reserved 1077248K
  class space    used 3915K, capacity 4149K, committed 4272K, reserved 1048576K
}

