<?xml version="1.0" encoding="UTF-8"?>
<!-- Generated by org.testng.reporters.JUnitXMLReporter -->
<testsuite hostname="DESKTOP-LPKJ4V1" ignored="0" name="Default test" tests="5" failures="0" timestamp="15 Sep 2023 18:31:10 GMT" time="21.904" errors="0">
  <testcase name="openLeadsPage_TC20" time="2.849" classname="sfdcTests.LeadsTest"/>
  <testcase name="verifyLeadsViewList_TC21" time="0.775" classname="sfdcTests.LeadsTest"/>
  <testcase name="DefaultView_TC22" time="7.728" classname="sfdcTests.LeadsTest"/>
  <testcase name="todaysLeadPage_TC23" time="1.273" classname="sfdcTests.LeadsTest"/>
  <testcase name="newLead_TC24" time="3.57" classname="sfdcTests.LeadsTest"/>
</testsuite> <!-- Default test -->
