<?xml version="1.0" encoding="UTF-8"?>
<!-- Generated by org.testng.reporters.JUnitXMLReporter -->
<testsuite hostname="DESKTOP-LPKJ4V1" ignored="2" name="Test" tests="10" failures="0" timestamp="10 Oct 2023 00:28:50 GMT" time="46.1" errors="0">
  <testcase name="LoginFail" time="1.686" classname="sfdcTests.LoginTest"/>
  <testcase name="openLeadsPage_TC20" time="5.535" classname="sfdcTests.LeadsTest"/>
  <testcase name="LoginSuccess" time="1.502" classname="sfdcTests.LoginTest"/>
  <testcase name="verifyLeadsViewList_TC21" time="5.803" classname="sfdcTests.LeadsTest"/>
  <testcase name="rememberMeTest3" time="7.026" classname="sfdcTests.LoginTest"/>
  <testcase name="DefaultView_TC22" time="9.346" classname="sfdcTests.LeadsTest"/>
  <testcase name="forgotpasswordTest4A" time="1.698" classname="sfdcTests.LoginTest"/>
  <testcase name="todaysLeadPage_TC23" time="6.13" classname="sfdcTests.LeadsTest"/>
  <testcase name="VerifyInvalidCredentials" time="1.959" classname="sfdcTests.LoginTest"/>
  <testcase name="newLead_TC24" time="9.579" classname="sfdcTests.LeadsTest"/>
  <testcase name="@AfterSuite teardown" time="0.0" classname="sfdcTests.CommonTest">
    <ignored/>
  </testcase> <!-- @AfterSuite teardown -->
  <testcase name="@BeforeSuite configureReport" time="0.0" classname="sfdcTests.CommonTest">
    <ignored/>
  </testcase> <!-- @BeforeSuite configureReport -->
</testsuite> <!-- Test -->
